<?xml version="1.0" encoding="UTF-8"?>
<!-- Generated by org.testng.reporters.JUnitReportReporter -->
<testsuite hostname="PHANTOM-" failures="0" tests="1" name="adc.tests.HomePageTest" time="6.659" errors="0" timestamp="2024-03-02T16:13:23 IST" skipped="0">
  <testcase classname="adc.tests.HomePageTest" name="startTest" time="6.659"/>
</testsuite> <!-- adc.tests.HomePageTest -->
